<?xml version="1.0" encoding="UTF-8"?>
<testsuite xmlns:xsi="http://www.w3.org/2001/XMLSchema-instance" xsi:noNamespaceSchemaLocation="https://maven.apache.org/surefire/maven-surefire-plugin/xsd/surefire-test-report-3.0.xsd" version="3.0" name="com.todolist.todolist.TodolistApplicationTests" time="2.39" tests="1" errors="0" skipped="0" failures="0">
  <properties>
[...]
</properties>
  <testcase name="contextLoads" classname="com.todolist.todolist.TodolistApplicationTests" time="0.298">
    <system-out><![CDATA[01:24:02.581 [main] INFO org.springframework.test.context.support.AnnotationConfigContextLoaderUtils -- Could not detect default configuration classes for test class [com.todolist.todolist.TodolistApplicationTests]: TodolistApplicationTests does not declare any static, non-private, non-final, nested classes annotated with @Configuration.
01:24:02.628 [main] INFO org.springframework.boot.test.context.SpringBootTestContextBootstrapper -- Found @SpringBootConfiguration com.todolist.todolist.TodolistApplication for test class com.todolist.todolist.TodolistApplicationTests

  .   ____          _            __ _ _
 /\\ / ___'_ __ _ _(_)_ __  __ _ \ \ \ \
( ( )\___ | '_ | '_| | '_ \/ _` | \ \ \ \
 \\/  ___)| |_)| | | | | || (_| |  ) ) ) )
  '  |____| .__|_| |_|_| |_\__, | / / / /
 =========|_|==============|___/=/_/_/_/
 :: Spring Boot ::                (v3.2.5)

2024-05-23T01:24:02.805+01:00  INFO 70573 --- [           main] c.t.todolist.TodolistApplicationTests    : Starting TodolistApplicationTests using Java 17.0.5 with PID 70573 (started by fagnercandido in /Users/fagnercandido/Documents/development/sources/todolist)
2024-05-23T01:24:02.806+01:00  INFO 70573 --- [           main] c.t.todolist.TodolistApplicationTests    : No active profile set, falling back to 1 default profile: "default"
2024-05-23T01:24:03.116+01:00  INFO 70573 --- [           main] .s.d.r.c.RepositoryConfigurationDelegate : Bootstrapping Spring Data JPA repositories in DEFAULT mode.
2024-05-23T01:24:03.147+01:00  INFO 70573 --- [           main] .s.d.r.c.RepositoryConfigurationDelegate : Finished Spring Data repository scanning in 26 ms. Found 1 JPA repository interface.
2024-05-23T01:24:03.371+01:00  INFO 70573 --- [           main] o.hibernate.jpa.internal.util.LogHelper  : HHH000204: Processing PersistenceUnitInfo [name: default]
2024-05-23T01:24:03.397+01:00  INFO 70573 --- [           main] org.hibernate.Version                    : HHH000412: Hibernate ORM core version 6.4.4.Final
2024-05-23T01:24:03.414+01:00  INFO 70573 --- [           main] o.h.c.internal.RegionFactoryInitiator    : HHH000026: Second-level cache disabled
2024-05-23T01:24:03.519+01:00  INFO 70573 --- [           main] o.s.o.j.p.SpringPersistenceUnitInfo      : No LoadTimeWeaver setup: ignoring JPA class transformer
2024-05-23T01:24:03.531+01:00  INFO 70573 --- [           main] com.zaxxer.hikari.HikariDataSource       : HikariPool-1 - Starting...
2024-05-23T01:24:03.631+01:00  INFO 70573 --- [           main] com.zaxxer.hikari.pool.HikariPool        : HikariPool-1 - Added connection conn0: url=jdbc:h2:mem:testdb user=SA
2024-05-23T01:24:03.631+01:00  INFO 70573 --- [           main] com.zaxxer.hikari.HikariDataSource       : HikariPool-1 - Start completed.
2024-05-23T01:24:04.073+01:00  INFO 70573 --- [           main] o.h.e.t.j.p.i.JtaPlatformInitiator       : HHH000489: No JTA platform available (set 'hibernate.transaction.jta.platform' to enable JTA platform integration)
2024-05-23T01:24:04.097+01:00  INFO 70573 --- [           main] j.LocalContainerEntityManagerFactoryBean : Initialized JPA EntityManagerFactory for persistence unit 'default'
2024-05-23T01:24:04.273+01:00  WARN 70573 --- [           main] JpaBaseConfiguration$JpaWebConfiguration : spring.jpa.open-in-view is enabled by default. Therefore, database queries may be performed during view rendering. Explicitly configure spring.jpa.open-in-view to disable this warning
2024-05-23T01:24:04.436+01:00  INFO 70573 --- [           main] o.s.s.web.DefaultSecurityFilterChain     : Will secure any request with [org.springframework.security.web.session.DisableEncodeUrlFilter@4a467ada, org.springframework.security.web.context.request.async.WebAsyncManagerIntegrationFilter@92775a3, org.springframework.security.web.context.SecurityContextHolderFilter@589a4305, org.springframework.security.web.header.HeaderWriterFilter@24f77077, org.springframework.web.filter.CorsFilter@2512155e, org.springframework.security.web.authentication.logout.LogoutFilter@41736818, org.springframework.security.web.authentication.www.BasicAuthenticationFilter@53c21c05, org.springframework.security.web.savedrequest.RequestCacheAwareFilter@28c75c93, org.springframework.security.web.servletapi.SecurityContextHolderAwareRequestFilter@35217e0, org.springframework.security.web.authentication.AnonymousAuthenticationFilter@ef59aee, org.springframework.security.web.session.SessionManagementFilter@42fdf45e, org.springframework.security.web.access.ExceptionTranslationFilter@55731ccd, org.springframework.security.web.access.intercept.FilterSecurityInterceptor@7789526e]
2024-05-23T01:24:04.550+01:00  INFO 70573 --- [           main] o.s.b.a.h2.H2ConsoleAutoConfiguration    : H2 console available at '/h2-console'. Database available at 'jdbc:h2:mem:testdb'
2024-05-23T01:24:04.578+01:00  INFO 70573 --- [           main] c.t.todolist.TodolistApplicationTests    : Started TodolistApplicationTests in 1.881 seconds (process running for 2.323)
]]></system-out>
  </testcase>
</testsuite>